| 74.66	| 74.80	|
| 74.54	| 74.79	|
| 74.66	| 74.79	|
| 74.68	| 74.79	|
| 74.71	| 74.79	|
| 74.69	| 74.79	|
| 74.71	| 74.79	|
| 74.61	| 74.79	|
| 74.77	| 74.80	|
| 74.74	| 74.80	|
| 74.71	| 74.80	|
| 74.50	| 74.79	|
| 74.66	| 74.79	|
| 74.78	| 74.80	|
| 74.63	| 74.79	|
| 74.63	| 74.79	|
| 74.71	| 74.79	|
| 74.64	| 74.79	|
| 74.81	| 74.79	|
| 74.75	| 74.80	|
| 74.62	| 74.79	|
| 74.71	| 74.79	|
| 74.72	| 74.80	|
| 74.78	| 74.80	|
| 74.54	| 74.79	|
| 74.70	| 74.79	|
| 74.68	| 74.79	|
| 74.60	| 74.79	|
| 74.65	| 74.79	|
| 74.70	| 74.79	|
| 74.70	| 74.79	|
| 74.60	| 74.79	|
| 74.66	| 74.79	|
| 74.63	| 74.79	|
| 74.73	| 74.79	|
| 74.72	| 74.79	|
| 74.61	| 74.79	|
| 74.83	| 74.79	|
| 74.64	| 74.79	|
| 74.62	| 74.79	|
| 74.66	| 74.79	|
| 74.68	| 74.79	|
| 74.70	| 74.79	|
| 74.65	| 74.79	|
| 74.67	| 74.79	|
| 74.58	| 74.79	|
| 74.71	| 74.79	|
| 74.63	| 74.79	|
| 74.67	| 74.79	|
| 74.61	| 74.79	|
| 74.67	| 74.79	|
| 74.70	| 74.79	|
| 74.75	| 74.79	|
| 74.58	| 74.79	|
| 74.66	| 74.79	|
| 74.58	| 74.78	|
| 74.72	| 74.78	|
| 74.73	| 74.79	|
| 74.68	| 74.79	|
| 74.59	| 74.78	|
| 74.73	| 74.78	|
| 74.63	| 74.78	|
| 74.73	| 74.78	|
| 74.61	| 74.78	|
| 74.64	| 74.78	|
| 74.70	| 74.78	|
| 74.72	| 74.78	|
| 74.62	| 74.78	|
| 74.69	| 74.78	|
| 74.66	| 74.78	|
| 74.63	| 74.78	|
| 74.69	| 74.78	|
| 74.69	| 74.78	|
| 74.61	| 74.78	|
| 74.71	| 74.78	|
| 74.66	| 74.78	|
| 74.77	| 74.78	|
| 74.62	| 74.78	|
| 74.70	| 74.78	|
| 74.78	| 74.78	|
| 74.68	| 74.78	|
| 74.68	| 74.78	|
| 74.56	| 74.78	|
| 74.74	| 74.78	|
| 74.65	| 74.78	|
| 74.78	| 74.78	|
| 74.61	| 74.78	|
| 74.70	| 74.78	|
| 74.65	| 74.78	|
| 74.81	| 74.79	|
| 74.65	| 74.78	|
| 74.69	| 74.78	|
| 74.55	| 74.78	|
| 74.64	| 74.78	|
| 74.63	| 74.78	|
| 74.68	| 74.78	|
| 74.68	| 74.78	|
| 74.67	| 74.78	|
| 74.64	| 74.78	|
| 74.69	| 74.78	|
| 74.67	| 74.78	|
| 74.63	| 74.78	|
| 74.67	| 74.78	|
| 74.78	| 74.78	|
| 74.63	| 74.78	|
| 74.77	| 74.78	|
| 74.72	| 74.78	|
| 74.72	| 74.78	|
| 74.67	| 74.78	|
| 74.65	| 74.78	|
| 74.62	| 74.78	|
| 74.76	| 74.78	|
| 74.68	| 74.78	|
| 74.74	| 74.78	|
| 74.57	| 74.78	|
| 74.67	| 74.78	|
| 74.77	| 74.78	|
| 74.60	| 74.78	|
| 74.68	| 74.78	|
| 74.71	| 74.78	|
| 74.76	| 74.78	|
| 74.60	| 74.78	|
| 74.68	| 74.78	|
| 74.74	| 74.78	|
| 74.63	| 74.78	|
| 74.64	| 74.78	|
| 74.75	| 74.78	|
| 74.72	| 74.78	|
| 74.58	| 74.78	|
| 74.65	| 74.78	|
| 74.73	| 74.78	|
| 74.72	| 74.78	|
| 74.73	| 74.78	|
| 74.74	| 74.78	|
| 74.66	| 74.78	|
| 74.70	| 74.78	|
| 74.71	| 74.78	|
| 74.61	| 74.78	|
| 74.66	| 74.78	|
| 74.55	| 74.78	|
| 74.70	| 74.78	|
| 74.59	| 74.77	|
| 74.63	| 74.77	|
| 74.67	| 74.77	|
| 74.72	| 74.77	|
| 74.52	| 74.77	|
| 74.59	| 74.77	|
| 74.62	| 74.77	|
| 74.60	| 74.77	|
| 74.67	| 74.77	|
| 74.72	| 74.77	|
| 74.60	| 74.77	|
| 74.61	| 74.76	|
| 74.64	| 74.76	|
| 74.58	| 74.76	|
| 74.78	| 74.76	|
| 74.69	| 74.76	|
| 74.71	| 74.77	|
| 74.69	| 74.76	|
| 74.64	| 74.76	|
| 74.59	| 74.76	|
| 74.80	| 74.76	|
| 74.68	| 74.76	|
| 74.70	| 74.76	|
| 74.64	| 74.76	|
| 74.72	| 74.76	|
| 74.70	| 74.77	|
| 74.61	| 74.76	|
| 74.61	| 74.76	|
| 74.69	| 74.76	|
| 74.63	| 74.76	|
| 74.56	| 74.76	|
| 74.64	| 74.76	|
| 74.58	| 74.76	|
| 74.67	| 74.76	|
| 74.74	| 74.76	|
| 74.76	| 74.76	|
| 74.66	| 74.76	|
| 74.67	| 74.76	|
| 74.73	| 74.76	|
| 74.82	| 74.76	|
| 74.64	| 74.76	|
| 74.70	| 74.76	|
| 74.74	| 74.76	|
| 74.66	| 74.76	|
| 74.73	| 74.76	|
| 74.62	| 74.76	|
| 74.67	| 74.76	|
| 74.67	| 74.76	|
| 74.69	| 74.76	|
| 74.59	| 74.76	|
| 74.67	| 74.76	|
| 74.66	| 74.76	|
| 74.59	| 74.76	|
| 74.76	| 74.76	|
| 74.76	| 74.76	|
| 74.67	| 74.76	|
| 74.78	| 74.76	|
| 74.61	| 74.76	|
| 74.53	| 74.76	|
| 74.69	| 74.76	|
| 0.06	| 73.52	|
| 74.70	| 73.54	|
| 74.68	| 73.56	|
| 74.76	| 73.58	|
| 74.62	| 73.60	|
| 74.71	| 73.61	|
| 74.67	| 73.63	|
| 74.67	| 73.65	|
| 74.68	| 73.66	|
| 74.77	| 73.68	|
| 74.65	| 73.70	|
| 74.62	| 73.71	|
| 74.73	| 73.73	|
| 74.71	| 73.74	|
| 74.70	| 73.76	|
| 74.66	| 73.77	|
| 74.78	| 73.79	|
| 74.82	| 73.81	|
| 74.73	| 73.82	|
| 74.59	| 73.83	|
| 74.73	| 73.85	|
| 74.70	| 73.86	|
| 74.68	| 73.87	|
| 74.71	| 73.89	|
| 74.87	| 73.90	|
| 74.70	| 73.92	|
| 74.65	| 73.93	|
| 74.71	| 73.94	|
| 74.59	| 73.95	|
| 74.73	| 73.97	|
| 74.72	| 73.98	|
| 74.72	| 73.99	|
| 74.75	| 74.00	|
| 74.58	| 74.01	|
| 74.61	| 74.02	|
| 74.81	| 74.03	|
| 74.60	| 74.04	|
| 74.70	| 74.05	|
| 74.62	| 74.06	|
| 74.62	| 74.07	|
| 74.65	| 74.08	|
| 74.78	| 74.09	|
| 74.77	| 74.11	|
| 74.77	| 74.12	|
| 74.72	| 74.13	|
| 74.73	| 74.14	|
| 74.66	| 74.15	|
| 74.69	| 74.16	|
| 74.66	| 74.16	|
| 74.77	| 74.17	|
| 74.64	| 74.18	|
| 74.71	| 74.19	|
| 74.64	| 74.20	|
| 74.64	| 74.21	|
| 74.75	| 74.22	|
| 74.69	| 74.22	|
| 74.63	| 74.23	|
| 74.63	| 74.24	|
| 74.71	| 74.25	|
| 74.73	| 74.26	|
| 74.65	| 74.26	|
| 74.74	| 74.27	|
| 74.72	| 74.28	|
| 74.65	| 74.29	|
| 74.65	| 74.29	|
| 74.55	| 74.30	|
| 74.63	| 74.30	|
| 74.81	| 74.31	|
| 74.74	| 74.32	|
| 74.67	| 74.33	|
| 74.73	| 74.33	|
| 74.70	| 74.34	|
| 74.67	| 74.35	|
| 74.72	| 74.35	|
| 74.70	| 74.36	|
| 74.69	| 74.36	|
| 74.71	| 74.37	|
| 74.69	| 74.38	|
| 74.57	| 74.38	|
| 74.55	| 74.38	|
| 74.79	| 74.39	|
| 74.65	| 74.40	|
| 74.85	| 74.40	|
| 74.59	| 74.41	|
| 74.68	| 74.41	|
| 74.63	| 74.42	|
| 74.73	| 74.42	|
| 74.64	| 74.43	|
| 74.64	| 74.43	|
| 74.73	| 74.44	|
| 74.63	| 74.44	|
| 74.82	| 74.45	|
| 74.62	| 74.45	|
| 74.73	| 74.46	|
| 74.59	| 74.46	|
| 74.71	| 74.46	|
| 74.66	| 74.47	|
| 74.63	| 74.47	|
| 74.73	| 74.48	|
| 74.69	| 74.48	|
| 74.60	| 74.48	|
| 74.82	| 74.49	|
| 74.75	| 74.49	|
| 74.68	| 74.50	|
| 74.70	| 74.50	|
| 74.66	| 74.51	|
| 74.80	| 74.51	|
| 74.76	| 74.52	|
| 74.67	| 74.52	|
| 74.66	| 74.52	|
| 74.67	| 74.53	|
| 74.58	| 74.53	|
| 74.71	| 74.53	|
| 74.59	| 74.53	|
| 74.67	| 74.54	|
| 74.54	| 74.54	|
| 74.60	| 74.54	|
| 74.66	| 74.54	|
| 74.57	| 74.54	|
| 74.68	| 74.55	|
| 74.59	| 74.55	|
| 74.50	| 74.55	|
| 74.63	| 74.55	|
| 74.76	| 74.55	|
| 74.67	| 74.56	|
| 74.66	| 74.56	|
| 74.73	| 74.56	|
| 74.57	| 74.56	|
| 74.70	| 74.57	|
| 74.72	| 74.57	|
| 74.62	| 74.57	|
| 74.57	| 74.57	|
| 74.71	| 74.58	|
| 74.57	| 74.58	|
| 74.66	| 74.58	|
| 74.68	| 74.58	|
| 74.66	| 74.58	|
| 74.72	| 74.59	|
| 74.74	| 74.59	|
| 74.66	| 74.59	|
| 74.80	| 74.60	|
| 74.76	| 74.60	|
| 74.69	| 74.60	|
| 74.69	| 74.60	|
| 74.56	| 74.60	|
| 74.74	| 74.61	|
| 74.69	| 74.61	|
| 74.64	| 74.61	|
| 74.77	| 74.62	|
| 74.76	| 74.62	|
| 74.58	| 74.62	|
| 74.58	| 74.62	|
| 74.65	| 74.62	|
| 74.68	| 74.62	|
| 74.70	| 74.62	|
| 74.57	| 74.62	|
| 74.64	| 74.63	|
| 74.59	| 74.63	|
| 74.66	| 74.63	|
| 74.76	| 74.63	|
| 74.64	| 74.63	|
| 74.74	| 74.63	|
| 74.74	| 74.64	|
| 74.63	| 74.64	|
| 74.64	| 74.64	|
| 74.86	| 74.64	|
| 74.67	| 74.64	|
| 74.70	| 74.65	|
| 74.75	| 74.65	|
| 74.72	| 74.65	|
| 74.62	| 74.65	|
| 74.79	| 74.66	|
| 74.79	| 74.66	|
| 74.59	| 74.66	|
| 74.71	| 74.66	|
| 74.75	| 74.66	|
| 74.65	| 74.66	|
| 74.85	| 74.67	|
| 74.64	| 74.67	|
| 74.72	| 74.67	|
| 74.67	| 74.67	|
| 74.62	| 74.67	|
| 74.53	| 74.67	|
| 74.67	| 74.67	|
| 74.54	| 74.67	|
| 74.67	| 74.67	|
| 74.68	| 74.67	|
| 74.67	| 74.67	|
| 74.68	| 74.67	|
| 74.70	| 74.68	|
| 74.63	| 74.68	|
| 74.67	| 74.68	|
| 74.60	| 74.68	|
| 74.50	| 74.67	|
| 74.51	| 74.67	|
| 74.69	| 74.67	|
| 74.73	| 74.68	|
| 74.63	| 74.68	|
| 74.67	| 74.68	|
| 74.76	| 74.68	|
| 74.70	| 74.68	|
| 74.58	| 74.68	|
| 74.68	| 74.68	|
| 74.65	| 74.68	|
| 74.71	| 74.68	|
| 74.59	| 74.68	|
| 74.64	| 74.68	|
| 74.63	| 74.68	|
| 74.79	| 74.68	|
| 74.78	| 74.69	|
| 74.68	| 74.69	|
| 74.73	| 74.69	|
| 74.66	| 74.69	|
| 74.64	| 74.69	|
| 74.69	| 74.69	|
| 74.70	| 74.69	|
| 74.68	| 74.69	|
| 74.66	| 74.69	|
| 74.70	| 74.69	|
| 74.66	| 74.69	|
| 74.72	| 74.69	|
| 74.63	| 74.69	|
| 74.81	| 74.70	|
| 74.79	| 74.70	|
| 74.68	| 74.70	|
| 74.70	| 74.70	|
| 74.73	| 74.70	|
| 74.70	| 74.70	|
| 74.64	| 74.70	|
| 74.74	| 74.71	|
| 74.72	| 74.71	|
| 74.81	| 74.71	|
| 74.73	| 74.71	|
| 74.76	| 74.71	|
| 74.66	| 74.71	|
| 74.62	| 74.71	|
| 74.73	| 74.71	|
| 74.79	| 74.71	|
| 74.56	| 74.71	|
| 74.72	| 74.71	|
| 74.71	| 74.71	|
| 74.64	| 74.71	|
| 74.74	| 74.72	|
| 74.67	| 74.72	|
| 74.74	| 74.72	|
| 74.63	| 74.72	|
| 74.65	| 74.72	|
| 74.69	| 74.72	|
| 74.70	| 74.72	|
| 74.74	| 74.72	|
| 74.64	| 74.72	|
| 74.79	| 74.72	|
| 74.70	| 74.72	|
| 74.69	| 74.72	|
| 74.80	| 74.72	|
| 74.76	| 74.73	|
| 74.66	| 74.73	|
| 74.68	| 74.73	|
| 74.67	| 74.73	|
| 74.62	| 74.73	|
| 74.68	| 74.73	|
| 74.62	| 74.72	|
| 74.67	| 74.72	|
| 74.66	| 74.72	|
| 74.57	| 74.72	|
| 74.63	| 74.72	|
| 74.63	| 74.72	|
| 74.59	| 74.72	|
| 74.74	| 74.72	|
| 74.67	| 74.72	|
| 74.68	| 74.72	|
| 74.66	| 74.72	|
| 74.68	| 74.72	|
| 74.68	| 74.72	|
| 74.59	| 74.72	|
| 74.69	| 74.72	|
| 74.64	| 74.72	|
| 74.80	| 74.72	|
| 74.59	| 74.72	|
| 74.66	| 74.72	|
| 74.72	| 74.72	|
| 74.56	| 74.72	|
| 74.68	| 74.72	|
| 74.67	| 74.72	|
| 74.60	| 74.72	|
| 74.76	| 74.72	|
| 74.69	| 74.72	|
| 74.45	| 74.72	|
| 74.75	| 74.72	|
| 74.69	| 74.72	|
| 74.66	| 74.72	|
| 74.63	| 74.72	|
| 74.57	| 74.72	|
| 74.69	| 74.72	|
| 74.65	| 74.72	|
| 74.71	| 74.72	|
| 74.65	| 74.72	|
| 74.66	| 74.72	|
| 74.56	| 74.72	|
| 74.76	| 74.72	|
| 74.69	| 74.72	|
| 74.75	| 74.72	|
| 74.70	| 74.72	|
| 74.68	| 74.72	|
| 74.74	| 74.72	|
| 74.66	| 74.72	|
| 74.68	| 74.72	|
| 74.76	| 74.72	|
| 74.57	| 74.72	|
| 74.66	| 74.72	|
| 74.57	| 74.72	|
| 74.66	| 74.72	|
| 74.74	| 74.72	|
| 74.67	| 74.72	|
| 74.76	| 74.72	|
| 74.68	| 74.72	|
| 74.82	| 74.73	|
| 74.79	| 74.73	|
| 74.66	| 74.73	|
| 74.67	| 74.73	|
| 74.83	| 74.73	|
| 74.78	| 74.73	|
| 74.69	| 74.73	|
| 74.63	| 74.73	|
| 74.75	| 74.73	|
| 74.70	| 74.73	|
| 74.58	| 74.73	|
| 74.67	| 74.73	|
| 74.73	| 74.73	|
| 74.70	| 74.73	|
| 74.71	| 74.73	|
| 74.84	| 74.73	|
| 74.66	| 74.73	|
| 74.63	| 74.73	|
| 74.69	| 74.73	|
| 74.66	| 74.73	|
| 74.77	| 74.73	|
| 74.73	| 74.73	|
| 74.67	| 74.73	|
| 74.71	| 74.73	|
| 74.80	| 74.73	|
| 74.68	| 74.73	|
| 74.76	| 74.74	|
| 74.63	| 74.73	|
| 74.62	| 74.73	|
| 74.67	| 74.73	|
| 74.71	| 74.73	|
| 74.63	| 74.73	|
| 74.62	| 74.73	|
| 74.72	| 74.73	|
| 74.66	| 74.73	|
| 74.57	| 74.73	|
| 74.68	| 74.73	|
| 74.71	| 74.73	|
| 74.52	| 74.73	|
| 74.61	| 74.73	|
| 0.01	| 73.49	|
| 74.71	| 73.51	|
| 74.62	| 73.52	|
| 74.61	| 73.54	|
| 74.56	| 73.56	|
| 74.73	| 73.57	|
| 74.76	| 73.59	|
| 74.71	| 73.61	|
| 74.69	| 73.63	|
| 74.54	| 73.64	|
| 74.58	| 73.66	|
| 74.67	| 73.67	|
| 74.66	| 73.69	|
| 74.69	| 73.70	|
| 74.67	| 73.72	|
| 74.73	| 73.73	|
| 74.58	| 73.75	|
| 74.78	| 73.76	|
| 74.64	| 73.78	|
| 74.68	| 73.79	|
| 74.69	| 73.80	|
| 74.73	| 73.82	|
| 74.62	| 73.83	|
| 74.59	| 73.84	|
| 74.78	| 73.86	|
| 74.80	| 73.87	|
| 74.68	| 73.88	|
| 74.67	| 73.90	|
| 74.73	| 73.91	|
| 74.77	| 73.92	|
| 74.59	| 73.94	|
| 74.72	| 73.95	|
| 74.71	| 73.96	|
| 74.67	| 73.97	|
| 74.65	| 73.98	|
| 74.65	| 73.99	|
| 74.77	| 74.01	|
| 74.60	| 74.02	|
| 74.73	| 74.03	|
| 74.75	| 74.04	|
| 74.60	| 74.05	|
| 74.67	| 74.06	|
| 74.61	| 74.07	|
| 74.77	| 74.08	|
| 74.68	| 74.09	|
| 74.77	| 74.10	|
| 74.66	| 74.11	|
| 74.59	| 74.12	|
| 74.67	| 74.12	|
| 74.66	| 74.13	|
| 74.76	| 74.14	|
| 74.66	| 74.15	|
| 74.56	| 74.16	|
| 74.65	| 74.17	|
| 74.51	| 74.17	|
| 74.59	| 74.18	|
| 74.73	| 74.19	|
| 74.53	| 74.19	|
| 74.73	| 74.20	|
| 74.68	| 74.21	|
| 74.58	| 74.22	|
| 74.62	| 74.22	|
| 74.66	| 74.23	|
| 74.66	| 74.24	|
| 74.61	| 74.24	|
| 74.66	| 74.25	|
| 74.71	| 74.26	|
| 74.68	| 74.27	|
| 74.60	| 74.27	|
| 74.74	| 74.28	|
| 74.81	| 74.29	|
| 74.75	| 74.30	|
| 74.59	| 74.30	|
| 74.63	| 74.31	|
| 74.67	| 74.31	|
| 74.69	| 74.32	|
| 74.76	| 74.33	|
| 74.74	| 74.33	|
| 74.63	| 74.34	|
| 74.84	| 74.35	|
| 74.75	| 74.35	|
| 74.65	| 74.36	|
| 74.69	| 74.36	|
| 74.70	| 74.37	|
| 74.73	| 74.38	|
| 74.76	| 74.38	|
| 74.81	| 74.39	|
| 74.64	| 74.40	|
| 74.67	| 74.40	|
| 74.61	| 74.40	|
| 74.75	| 74.41	|
| 74.58	| 74.41	|
| 74.61	| 74.42	|
| 74.60	| 74.42	|
| 74.65	| 74.42	|
| 74.58	| 74.43	|
| 74.66	| 74.43	|
| 74.70	| 74.44	|
| 74.75	| 74.44	|
| 74.60	| 74.44	|
| 74.73	| 74.45	|
| 74.67	| 74.45	|
| 74.68	| 74.46	|
| 74.73	| 74.46	|
| 74.65	| 74.47	|
| 74.71	| 74.47	|
| 74.65	| 74.47	|
| 74.65	| 74.48	|
| 74.71	| 74.48	|
| 74.67	| 74.48	|
| 74.65	| 74.49	|
| 74.65	| 74.49	|
| 74.69	| 74.49	|
| 74.61	| 74.50	|
| 74.54	| 74.50	|
| 74.65	| 74.50	|
| 74.57	| 74.50	|
| 74.62	| 74.50	|
| 74.64	| 74.51	|
| 74.61	| 74.51	|
| 74.69	| 74.51	|
| 74.73	| 74.52	|
| 74.69	| 74.52	|
| 74.72	| 74.52	|
| 74.61	| 74.53	|
| 74.78	| 74.53	|
| 74.70	| 74.53	|
| 74.57	| 74.53	|
| 74.56	| 74.54	|
| 74.82	| 74.54	|
| 74.66	| 74.54	|
| 74.60	| 74.54	|
| 74.61	| 74.55	|
| 74.59	| 74.55	|
| 74.69	| 74.55	|
| 74.66	| 74.55	|
| 74.60	| 74.55	|
| 74.55	| 74.55	|
| 74.63	| 74.56	|
| 74.83	| 74.56	|
| 74.56	| 74.56	|
| 74.65	| 74.56	|
| 74.66	| 74.56	|
| 74.64	| 74.57	|
| 74.70	| 74.57	|
| 74.73	| 74.57	|
| 74.65	| 74.57	|
| 74.67	| 74.58	|
| 74.61	| 74.58	|
| 74.63	| 74.58	|
| 74.74	| 74.58	|
| 74.66	| 74.58	|
| 74.75	| 74.59	|
| 74.45	| 74.58	|
| 74.67	| 74.59	|
| 74.55	| 74.59	|
| 74.56	| 74.59	|
| 74.57	| 74.59	|
| 74.64	| 74.59	|
| 74.57	| 74.59	|
| 74.70	| 74.59	|
| 74.66	| 74.59	|
| 74.72	| 74.59	|
| 74.58	| 74.59	|
| 74.59	| 74.60	|
| 74.70	| 74.60	|
| 74.62	| 74.60	|
| 74.72	| 74.60	|
| 74.69	| 74.60	|
| 74.65	| 74.60	|
| 74.67	| 74.61	|
| 74.74	| 74.61	|
| 74.68	| 74.61	|
| 74.67	| 74.61	|
| 74.75	| 74.61	|
| 74.68	| 74.62	|
| 74.71	| 74.62	|
| 74.67	| 74.62	|
| 74.62	| 74.62	|
| 74.73	| 74.62	|
| 74.63	| 74.62	|
| 74.78	| 74.63	|
| 74.59	| 74.63	|
| 74.65	| 74.63	|
| 74.65	| 74.63	|
| 74.65	| 74.63	|
| 74.71	| 74.63	|
| 74.66	| 74.63	|
| 74.74	| 74.63	|
| 74.69	| 74.63	|
| 74.65	| 74.63	|
| 74.64	| 74.64	|
| 74.75	| 74.64	|
| 74.64	| 74.64	|
| 74.71	| 74.64	|
| 74.64	| 74.64	|
| 74.63	| 74.64	|
| 74.57	| 74.64	|
| 74.80	| 74.64	|
| 74.67	| 74.64	|
| 74.66	| 74.65	|
| 74.62	| 74.65	|
| 74.64	| 74.65	|
| 74.69	| 74.65	|
| 74.63	| 74.65	|
| 74.73	| 74.65	|
| 74.68	| 74.65	|
| 74.49	| 74.65	|
| 74.56	| 74.65	|
| 74.74	| 74.65	|
| 74.61	| 74.65	|
| 74.60	| 74.65	|
| 74.71	| 74.65	|
| 74.65	| 74.65	|
| 74.52	| 74.65	|
| 74.69	| 74.65	|
| 74.67	| 74.65	|
| 74.62	| 74.65	|
| 74.72	| 74.65	|
| 74.73	| 74.66	|
| 74.75	| 74.66	|
| 74.53	| 74.66	|
| 74.80	| 74.66	|
| 74.71	| 74.66	|
| 74.72	| 74.66	|
| 74.68	| 74.66	|
| 74.65	| 74.66	|
| 74.65	| 74.66	|
| 74.61	| 74.66	|
| 74.65	| 74.67	|
| 74.62	| 74.66	|
| 74.68	| 74.67	|
| 74.67	| 74.67	|
| 74.72	| 74.67	|
| 74.74	| 74.67	|
| 74.74	| 74.67	|
| 74.46	| 74.67	|
| 74.71	| 74.67	|
| 74.69	| 74.67	|
| 74.70	| 74.67	|
| 74.78	| 74.68	|
| 74.65	| 74.68	|
| 74.71	| 74.68	|
| 74.83	| 74.68	|
| 74.56	| 74.68	|
| 74.81	| 74.68	|
| 74.60	| 74.68	|
| 74.70	| 74.68	|
| 74.66	| 74.68	|
| 74.60	| 74.68	|
| 74.67	| 74.68	|
| 74.67	| 74.68	|
| 74.61	| 74.68	|
| 74.76	| 74.68	|
| 74.71	| 74.68	|
| 74.62	| 74.68	|
| 74.71	| 74.69	|
| 74.73	| 74.69	|
| 74.74	| 74.69	|
| 74.61	| 74.69	|
| 74.55	| 74.69	|
| 74.75	| 74.69	|
| 74.60	| 74.69	|
| 74.59	| 74.69	|
| 74.79	| 74.69	|
| 74.60	| 74.69	|
| 74.65	| 74.69	|
| 74.65	| 74.69	|
| 74.65	| 74.69	|
| 74.78	| 74.69	|
| 74.70	| 74.69	|
| 74.69	| 74.69	|
| 74.62	| 74.69	|
| 74.73	| 74.69	|
| 74.62	| 74.69	|
| 74.77	| 74.69	|
| 74.67	| 74.69	|
| 74.66	| 74.69	|
| 74.64	| 74.69	|
| 74.56	| 74.69	|
| 74.51	| 74.69	|
| 74.58	| 74.69	|
| 74.76	| 74.69	|
| 74.72	| 74.69	|
| 74.66	| 74.69	|
| 74.66	| 74.69	|
| 74.68	| 74.69	|
| 74.71	| 74.69	|
| 74.59	| 74.69	|
| 74.77	| 74.69	|
| 74.66	| 74.69	|
| 74.71	| 74.70	|
| 74.60	| 74.69	|
| 74.75	| 74.70	|
| 74.63	| 74.70	|
| 74.73	| 74.70	|
| 74.74	| 74.70	|
| 74.69	| 74.70	|
| 74.67	| 74.70	|
| 74.71	| 74.70	|
| 74.73	| 74.70	|
| 74.66	| 74.70	|
| 74.69	| 74.70	|
| 74.69	| 74.70	|
| 74.69	| 74.70	|
| 74.57	| 74.70	|
| 74.64	| 74.70	|
| 74.65	| 74.70	|
| 74.65	| 74.70	|
| 74.66	| 74.70	|
| 74.64	| 74.70	|
| 74.65	| 74.70	|
| 74.64	| 74.70	|
| 74.64	| 74.70	|
| 74.77	| 74.70	|
| 74.68	| 74.70	|
| 74.57	| 74.70	|
| 74.61	| 74.70	|
| 74.58	| 74.70	|
| 74.63	| 74.70	|
| 74.59	| 74.69	|
| 74.57	| 74.69	|
| 74.71	| 74.69	|
| 74.61	| 74.69	|
| 74.72	| 74.69	|
| 74.68	| 74.69	|
| 74.71	| 74.70	|
| 74.62	| 74.69	|
| 74.78	| 74.70	|
| 74.62	| 74.70	|
| 74.67	| 74.70	|
| 74.54	| 74.69	|
| 74.66	| 74.69	|
| 74.58	| 74.69	|
| 74.57	| 74.69	|
| 74.72	| 74.69	|
| 74.66	| 74.69	|
| 74.85	| 74.70	|
| 74.62	| 74.70	|
| 74.53	| 74.69	|
| 74.57	| 74.69	|
| 74.65	| 74.69	|
| 74.69	| 74.69	|
| 74.67	| 74.69	|
| 74.63	| 74.69	|
| 74.71	| 74.69	|
| 74.61	| 74.69	|
| 74.68	| 74.69	|
| 74.71	| 74.69	|
| 74.66	| 74.69	|
| 74.71	| 74.69	|
| 74.70	| 74.69	|
| 74.65	| 74.69	|
| 74.72	| 74.69	|
| 74.62	| 74.69	|
| 74.69	| 74.69	|
| 74.56	| 74.69	|
| 74.67	| 74.69	|
| 74.61	| 74.69	|
| 74.61	| 74.69	|
| 74.63	| 74.69	|
| 74.71	| 74.69	|
| 74.69	| 74.69	|
| 74.64	| 74.69	|
| 74.66	| 74.69	|
| 74.71	| 74.69	|
| 74.71	| 74.69	|
| 74.62	| 74.69	|
| 74.67	| 74.69	|
| 74.70	| 74.69	|
| 74.85	| 74.70	|
| 74.62	| 74.69	|
| 74.60	| 74.69	|
| 74.69	| 74.69	|
| 74.69	| 74.69	|
| 74.82	| 74.70	|
| 74.72	| 74.70	|
| 74.67	| 74.70	|
| 74.71	| 74.70	|
| 74.74	| 74.70	|
| 74.71	| 74.70	|
| 74.73	| 74.70	|
| 74.66	| 74.70	|
| 74.68	| 74.70	|
| 74.72	| 74.70	|
| 74.65	| 74.70	|
| 74.65	| 74.70	|
| 74.70	| 74.70	|
| 74.78	| 74.71	|
| 74.63	| 74.71	|
| 74.61	| 74.70	|
| 74.77	| 74.71	|
| 74.71	| 74.71	|
| 74.63	| 74.71	|
| 74.59	| 74.70	|
| 74.74	| 74.71	|
| 74.67	| 74.71	|
| 74.73	| 74.71	|
| 74.71	| 74.71	|
| 74.52	| 74.70	|
| 74.71	| 74.71	|
| 74.63	| 74.70	|
| 74.73	| 74.71	|
| 74.65	| 74.70	|
| 74.64	| 74.70	|
| 74.73	| 74.71	|
| 74.67	| 74.71	|
| 74.63	| 74.70	|
| 74.68	| 74.70	|
| 74.60	| 74.70	|
| 74.73	| 74.70	|
| 74.59	| 74.70	|
| 74.76	| 74.70	|
| 74.72	| 74.71	|
| 74.56	| 74.70	|
| 74.69	| 74.70	|
| 74.65	| 74.70	|
| 74.64	| 74.70	|
| 74.66	| 74.70	|
| 74.66	| 74.70	|
| 74.76	| 74.70	|
| 74.60	| 74.70	|
| 74.67	| 74.70	|
| 74.65	| 74.70	|
| 74.60	| 74.70	|
| 74.61	| 74.70	|
| 74.78	| 74.70	|
| 74.62	| 74.70	|
| 74.74	| 74.70	|
| 74.70	| 74.70	|
| 74.58	| 74.70	|
| 74.66	| 74.70	|
| 74.78	| 74.70	|
| 74.62	| 74.70	|
| 74.71	| 74.70	|
| 74.72	| 74.70	|
| 74.66	| 74.70	|
| 74.65	| 74.70	|
| 74.67	| 74.70	|
| 74.78	| 74.70	|
| 74.68	| 74.70	|
| 74.73	| 74.71	|
| 74.53	| 74.70	|
| 74.64	| 74.70	|
| 74.69	| 74.70	|
| 74.65	| 74.70	|
| 74.70	| 74.70	|
| 74.70	| 74.70	|
| 74.75	| 74.70	|
| 74.70	| 74.70	|
| 74.65	| 74.70	|
| 74.68	| 74.70	|
| 74.62	| 74.70	|
| 74.56	| 74.70	|
| 74.70	| 74.70	|
| 74.64	| 74.70	|
| 74.63	| 74.70	|
| 74.58	| 74.70	|
| 74.80	| 74.70	|
| 74.59	| 74.70	|
| 74.74	| 74.70	|
| 74.67	| 74.70	|
| 74.68	| 74.70	|
| 74.63	| 74.70	|
| 74.55	| 74.70	|
| 74.75	| 74.70	|
| 74.70	| 74.70	|
| 74.55	| 74.70	|
| 74.66	| 74.70	|
| 74.70	| 74.70	|
| 74.62	| 74.70	|
| 74.75	| 74.70	|
| 74.75	| 74.70	|
| 74.73	| 74.70	|
| 74.60	| 74.70	|
| 74.75	| 74.70	|
| 74.68	| 74.70	|
| 74.71	| 74.70	|
| 74.81	| 74.70	|
| 74.71	| 74.70	|
| 74.58	| 74.70	|
| 74.72	| 74.70	|
| 74.61	| 74.70	|
| 74.76	| 74.70	|
| 74.70	| 74.70	|
| 74.67	| 74.70	|
| 74.71	| 74.70	|
| 74.80	| 74.71	|
| 74.77	| 74.71	|
| 74.57	| 74.71	|
| 74.67	| 74.71	|
| 74.69	| 74.71	|
| 74.61	| 74.71	|
| 74.60	| 74.70	|
| 74.76	| 74.70	|
| 74.60	| 74.70	|
| 74.62	| 74.70	|
| 74.76	| 74.70	|
| 74.71	| 74.70	|
| 74.67	| 74.70	|
| 74.61	| 74.70	|
| 74.67	| 74.70	|
| 74.71	| 74.70	|
| 74.81	| 74.71	|
| 74.76	| 74.71	|
| 74.70	| 74.71	|
| 74.67	| 74.71	|
| 74.75	| 74.71	|
| 74.69	| 74.71	|
| 74.65	| 74.71	|
| 74.64	| 74.71	|
| 74.81	| 74.71	|
| 74.77	| 74.71	|
| 74.63	| 74.71	|
| 74.63	| 74.71	|
| 74.65	| 74.71	|
| 74.61	| 74.71	|
| 74.75	| 74.71	|
| 74.76	| 74.71	|
| 74.69	| 74.71	|
| 74.66	| 74.71	|
| 74.64	| 74.71	|
| 74.66	| 74.71	|
| 74.68	| 74.71	|
| 74.72	| 74.71	|
| 74.67	| 74.71	|
| 74.66	| 74.71	|
| 74.70	| 74.71	|
| 74.55	| 74.71	|
| 74.63	| 74.71	|
| 74.59	| 74.70	|
| 74.69	| 74.70	|
| 74.66	| 74.70	|
| 74.64	| 74.70	|
| 74.75	| 74.70	|
| 74.74	| 74.71	|
| 74.58	| 74.70	|
| 74.62	| 74.70	|
| 74.68	| 74.70	|
| 74.59	| 74.70	|
| 74.62	| 74.70	|
| 74.57	| 74.70	|
| 74.61	| 74.70	|
| 74.69	| 74.70	|
| 74.73	| 74.70	|
| 74.62	| 74.70	|
| 74.65	| 74.70	|
| 74.53	| 74.70	|
| 74.56	| 74.69	|
| 74.73	| 74.69	|
| 74.57	| 74.69	|
| 74.63	| 74.69	|
| 74.74	| 74.69	|
| 74.60	| 74.69	|
| 74.57	| 74.69	|
| 74.62	| 74.69	|
| 74.70	| 74.69	|
| 74.68	| 74.69	|
| 74.71	| 74.69	|
| 74.62	| 74.69	|
| 74.74	| 74.69	|
| 74.61	| 74.69	|
| 74.65	| 74.69	|
| 74.69	| 74.69	|
| 74.55	| 74.69	|
| 74.56	| 74.69	|
| 74.53	| 74.69	|
| 74.77	| 74.69	|
| 74.64	| 74.69	|
| 74.73	| 74.69	|
| 74.66	| 74.69	|
| 74.74	| 74.69	|
| 74.62	| 74.69	|
| 74.60	| 74.69	|
| 74.69	| 74.69	|
| 74.61	| 74.69	|
| 74.55	| 74.68	|
| 74.67	| 74.68	|
| 74.74	| 74.68	|
| 74.73	| 74.69	|
| 74.61	| 74.68	|
| 74.76	| 74.69	|
| 74.60	| 74.68	|
| 74.59	| 74.68	|
| 74.72	| 74.68	|
| 74.62	| 74.68	|
| 74.67	| 74.68	|
| 74.64	| 74.68	|
| 74.61	| 74.68	|
| 74.50	| 74.68	|
| 74.67	| 74.68	|
| 74.73	| 74.68	|
| 0.08	| 73.44	|
| 74.71	| 73.46	|
| 74.62	| 73.48	|
| 74.60	| 73.50	|
| 74.70	| 73.52	|
| 74.76	| 73.53	|
| 74.61	| 73.55	|
| 74.60	| 73.57	|
| 74.70	| 73.58	|
| 74.62	| 73.60	|
| 74.68	| 73.62	|
| 74.64	| 73.63	|
| 74.73	| 73.65	|
| 74.62	| 73.66	|
| 74.66	| 73.68	|
| 74.55	| 73.69	|
| 74.75	| 73.71	|
| 74.73	| 73.72	|
| 74.72	| 73.74	|
| 74.77	| 73.75	|
| 74.72	| 73.77	|
| 74.80	| 73.78	|
| 0.01	| 72.56	|
| 74.72	| 72.59	|
| 74.61	| 72.62	|
| 74.69	| 72.65	|
| 74.76	| 72.69	|
| 74.66	| 72.72	|
| 74.67	| 72.75	|
| 74.66	| 72.77	|
| 74.74	| 72.80	|
| 74.50	| 72.83	|
| 74.63	| 72.86	|
| 74.75	| 72.88	|
| 74.70	| 72.91	|
| 74.62	| 72.94	|
| 74.73	| 72.96	|
| 74.69	| 72.99	|
| 74.63	| 73.01	|
| 74.59	| 73.04	|
| 74.62	| 73.06	|
| 74.74	| 73.09	|
| 74.62	| 73.11	|
| 74.71	| 73.13	|
| 74.58	| 73.16	|
| 74.66	| 73.18	|
| 74.82	| 73.20	|
| 74.65	| 73.22	|
| 74.67	| 73.25	|
| 74.61	| 73.27	|
| 74.64	| 73.29	|
| 74.70	| 73.31	|
| 74.72	| 73.33	|
| 74.73	| 73.35	|
| 74.61	| 73.37	|
| 74.62	| 73.39	|
| 74.69	| 73.41	|
| 74.53	| 73.43	|
| 74.67	| 73.45	|
| 74.65	| 73.46	|
| 74.77	| 73.48	|
| 74.68	| 73.50	|
| 74.62	| 73.52	|
| 74.70	| 73.54	|
| 74.71	| 73.55	|
| 74.65	| 73.57	|
| 74.70	| 73.59	|
| 74.62	| 73.60	|
| 74.71	| 73.62	|
| 74.62	| 73.64	|
| 74.66	| 73.65	|
| 74.66	| 73.67	|
| 74.68	| 73.68	|
| 74.60	| 73.70	|
| 74.57	| 73.71	|
| 74.76	| 73.72	|
| 74.70	| 73.74	|
| 74.77	| 73.76	|
| 74.67	| 73.77	|
| 74.69	| 73.78	|
| 74.65	| 73.80	|
| 74.66	| 73.81	|
| 74.72	| 73.82	|
| 74.68	| 73.84	|
| 74.65	| 73.85	|
| 74.61	| 73.86	|
| 74.70	| 73.87	|
| 74.59	| 73.89	|
| 74.66	| 73.90	|
| 74.57	| 73.91	|
| 74.68	| 73.92	|
| 74.66	| 73.93	|
| 74.80	| 73.94	|
| 74.74	| 73.96	|
| 74.77	| 73.97	|
| 74.75	| 73.98	|
| 74.57	| 73.99	|
| 74.68	| 74.00	|
| 74.72	| 74.01	|
| 74.68	| 74.02	|
| 74.67	| 74.03	|
| 74.69	| 74.04	|
| 74.70	| 74.05	|
| 74.71	| 74.06	|
| 74.73	| 74.08	|
| 74.66	| 74.08	|
| 74.60	| 74.09	|
| 74.71	| 74.10	|
| 74.72	| 74.11	|
| 74.66	| 74.12	|
| 74.59	| 74.13	|
| 74.74	| 74.14	|
| 74.58	| 74.15	|
| 74.65	| 74.15	|
| 74.63	| 74.16	|
| 74.62	| 74.17	|
| 74.80	| 74.18	|
| 74.59	| 74.19	|
| 74.78	| 74.20	|
| 74.58	| 74.20	|
| 74.58	| 74.21	|
| 74.57	| 74.21	|
| 74.68	| 74.22	|
| 74.72	| 74.23	|
| 74.59	| 74.23	|
| 74.64	| 74.24	|
| 74.57	| 74.25	|
| 74.75	| 74.25	|
| 74.56	| 74.26	|
| 74.68	| 74.27	|
| 74.62	| 74.27	|
| 74.70	| 74.28	|
| 74.56	| 74.28	|
| 74.72	| 74.29	|
| 74.59	| 74.30	|
| 74.67	| 74.30	|
| 74.64	| 74.31	|
| 74.65	| 74.31	|
| 74.74	| 74.32	|
| 74.65	| 74.32	|
| 74.54	| 74.33	|
| 74.65	| 74.33	|
| 74.75	| 74.34	|
| 74.53	| 74.34	|
| 74.78	| 74.35	|
| 74.54	| 74.35	|
| 74.55	| 74.36	|
| 74.64	| 74.36	|
| 74.76	| 74.37	|
| 74.69	| 74.37	|
| 74.68	| 74.38	|
| 74.69	| 74.38	|
| 74.67	| 74.39	|
| 74.71	| 74.39	|
| 74.65	| 74.40	|
| 74.70	| 74.40	|
| 74.64	| 74.41	|
| 74.58	| 74.41	|
| 74.73	| 74.42	|
| 74.82	| 74.42	|
| 74.73	| 74.43	|
| 74.64	| 74.43	|
| 74.67	| 74.44	|
| 74.74	| 74.44	|
| 74.75	| 74.45	|
| 74.60	| 74.45	|
| 74.61	| 74.45	|
| 74.67	| 74.45	|
| 74.70	| 74.46	|
| 74.71	| 74.46	|
| 74.67	| 74.47	|
| 74.74	| 74.47	|
| 74.73	| 74.48	|
| 74.65	| 74.48	|
| 74.66	| 74.48	|
| 74.77	| 74.49	|
| 74.75	| 74.49	|
| 74.61	| 74.49	|
| 0.04	| 73.26	|
| 74.62	| 73.28	|
| 74.69	| 73.30	|
| 74.57	| 73.32	|
| 74.69	| 73.34	|
| 74.67	| 73.36	|
| 74.72	| 73.38	|
| 74.59	| 73.40	|
| 74.70	| 73.42	|
| 74.61	| 73.44	|
| 74.65	| 73.46	|
| 74.66	| 73.48	|
| 74.61	| 73.49	|
| 74.66	| 73.51	|
| 74.65	| 73.53	|
| 74.72	| 73.55	|
| 74.72	| 73.57	|
| 0.00	| 72.35	|
| 74.65	| 72.38	|
| 74.61	| 72.42	|
| 74.66	| 72.45	|
| 74.67	| 72.48	|
| 74.62	| 72.51	|
| 74.61	| 72.55	|
| 74.75	| 72.58	|
| 74.71	| 72.61	|
| 74.64	| 72.64	|
| 74.80	| 72.67	|
| 74.68	| 72.71	|
| 74.73	| 72.74	|
| 74.81	| 72.77	|
| 74.58	| 72.80	|
| 74.68	| 72.82	|
| 74.67	| 72.85	|
| 74.74	| 72.88	|
| 74.88	| 72.91	|
| 74.66	| 72.94	|
| 74.57	| 72.96	|
| 74.55	| 72.99	|
| 74.59	| 73.01	|
| 74.60	| 73.04	|
| 74.58	| 73.06	|
| 74.75	| 73.08	|
| 74.69	| 73.11	|
| 74.68	| 73.13	|
| 74.68	| 73.16	|
| 74.69	| 73.18	|
| 74.56	| 73.20	|
| 74.65	| 73.22	|
| 74.66	| 73.25	|
| 74.65	| 73.27	|
| 74.68	| 73.29	|
| 74.61	| 73.31	|
| 74.65	| 73.33	|
| 74.71	| 73.35	|
| 74.76	| 73.37	|
| 74.72	| 73.39	|
| 74.77	| 73.42	|
| 74.64	| 73.43	|
| 74.64	| 73.45	|
| 74.54	| 73.47	|
| 74.63	| 73.49	|
| 74.79	| 73.51	|
| 74.75	| 73.53	|
| 74.76	| 73.55	|
| 74.65	| 73.56	|
| 74.80	| 73.58	|
| 74.63	| 73.60	|
| 74.69	| 73.62	|
| 74.68	| 73.63	|
| 74.78	| 73.65	|
| 74.72	| 73.67	|
| 74.62	| 73.68	|
| 74.72	| 73.70	|
| 74.71	| 73.71	|
| 74.80	| 73.73	|
| 74.73	| 73.75	|
| 74.69	| 73.76	|
| 74.68	| 73.78	|
| 74.71	| 73.79	|
| 74.68	| 73.81	|
| 74.64	| 73.82	|
| 74.77	| 73.83	|
| 74.81	| 73.85	|
| 74.66	| 73.86	|
| 74.66	| 73.87	|
| 74.56	| 73.89	|
| 74.75	| 73.90	|
| 74.68	| 73.91	|
| 74.59	| 73.92	|
| 74.70	| 73.93	|
| 74.69	| 73.95	|
| 74.67	| 73.96	|
| 74.65	| 73.97	|
| 74.73	| 73.98	|
| 74.73	| 73.99	|
| 74.71	| 74.01	|
| 74.54	| 74.01	|
| 74.57	| 74.02	|
| 74.65	| 74.03	|
| 74.69	| 74.04	|
| 74.64	| 74.05	|
| 74.64	| 74.06	|
| 74.68	| 74.07	|
| 74.65	| 74.08	|
| 74.69	| 74.09	|
| 74.78	| 74.10	|
| 74.61	| 74.11	|
| 74.71	| 74.12	|
| 74.66	| 74.13	|
| 74.60	| 74.14	|
| 74.82	| 74.15	|
| 74.69	| 74.16	|
| 74.68	| 74.17	|
| 74.69	| 74.17	|
| 74.78	| 74.18	|
| 74.68	| 74.19	|
| 74.59	| 74.20	|
| 74.71	| 74.21	|
| 74.60	| 74.21	|
| 74.58	| 74.22	|
| 74.65	| 74.23	|
| 74.79	| 74.24	|
| 74.71	| 74.24	|
| 74.72	| 74.25	|
| 74.77	| 74.26	|
| 74.73	| 74.27	|
| 74.75	| 74.28	|
| 74.63	| 74.28	|
| 74.64	| 74.29	|
| 74.64	| 74.30	|
| 74.63	| 74.30	|
| 74.63	| 74.31	|
| 74.72	| 74.31	|
| 74.75	| 74.32	|
| 74.75	| 74.33	|
| 74.60	| 74.33	|
| 74.68	| 74.34	|
| 74.69	| 74.35	|
| 74.59	| 74.35	|
| 74.68	| 74.36	|
| 74.76	| 74.36	|
| 74.73	| 74.37	|
| 74.71	| 74.38	|
| 74.72	| 74.38	|
| 74.63	| 74.39	|
| 74.64	| 74.39	|
| 74.73	| 74.40	|
| 74.68	| 74.40	|
| 74.66	| 74.41	|
| 74.60	| 74.41	|
| 74.61	| 74.42	|
| 74.75	| 74.42	|
| 74.77	| 74.43	|
| 74.70	| 74.43	|
| 74.71	| 74.44	|
| 74.66	| 74.44	|
| 74.63	| 74.45	|
| 74.60	| 74.45	|
| 74.70	| 74.45	|
| 74.66	| 74.46	|
| 74.65	| 74.46	|
| 74.65	| 74.47	|
| 74.77	| 74.47	|
| 74.63	| 74.47	|
| 74.71	| 74.48	|
| 74.78	| 74.48	|
| 74.64	| 74.49	|
| 74.69	| 74.49	|
| 74.60	| 74.49	|
| 74.68	| 74.50	|
| 74.65	| 74.50	|
| 74.67	| 74.50	|
| 74.60	| 74.51	|
| 74.75	| 74.51	|
| 74.68	| 74.51	|
| 74.72	| 74.52	|
| 74.70	| 74.52	|
| 74.75	| 74.53	|
| 74.69	| 74.53	|
| 74.61	| 74.53	|
| 74.74	| 74.54	|
| 74.64	| 74.54	|
| 74.67	| 74.54	|
| 74.67	| 74.54	|
| 74.66	| 74.55	|
| 74.53	| 74.55	|
| 74.62	| 74.55	|
| 74.61	| 74.55	|
| 74.61	| 74.55	|
| 74.66	| 74.55	|
| 74.61	| 74.56	|
| 74.62	| 74.56	|
| 74.61	| 74.56	|
| 74.64	| 74.56	|
| 74.60	| 74.56	|
| 74.62	| 74.56	|
| 74.69	| 74.57	|
| 74.63	| 74.57	|
| 74.74	| 74.57	|
| 74.73	| 74.58	|
| 74.66	| 74.58	|
| 74.66	| 74.58	|
| 74.68	| 74.58	|
| 74.67	| 74.58	|
| 74.68	| 74.59	|
| 74.60	| 74.59	|
| 74.68	| 74.59	|
| 74.60	| 74.59	|
| 74.65	| 74.59	|
| 74.75	| 74.60	|
| 74.66	| 74.60	|
| 74.67	| 74.60	|
| 74.63	| 74.60	|
| 74.69	| 74.60	|
| 74.69	| 74.60	|
| 74.68	| 74.61	|
| 74.81	| 74.61	|
| 74.63	| 74.61	|
| 74.66	| 74.61	|
| 74.53	| 74.61	|
| 74.65	| 74.61	|
| 74.63	| 74.61	|
| 74.68	| 74.62	|
| 74.62	| 74.62	|
| 74.69	| 74.62	|
| 74.67	| 74.62	|
| 74.70	| 74.62	|
| 74.76	| 74.63	|
| 74.59	| 74.63	|
| 74.66	| 74.63	|
| 74.66	| 74.63	|
| 74.70	| 74.63	|
| 74.89	| 74.64	|
| 74.61	| 74.64	|
| 74.69	| 74.64	|
| 74.54	| 74.64	|
| 74.78	| 74.64	|
| 74.65	| 74.64	|
| 74.82	| 74.64	|
| 74.65	| 74.65	|
| 74.76	| 74.65	|
| 74.57	| 74.65	|
| 74.60	| 74.65	|
| 74.69	| 74.65	|
| 74.66	| 74.65	|
| 74.68	| 74.65	|
| 74.72	| 74.65	|
| 74.60	| 74.65	|
| 74.59	| 74.65	|
| 74.77	| 74.65	|
| 74.63	| 74.66	|
| 74.74	| 74.66	|
| 74.76	| 74.66	|
| 74.83	| 74.66	|
| 74.68	| 74.66	|
| 74.71	| 74.67	|
| 74.71	| 74.67	|
| 74.74	| 74.67	|
| 74.70	| 74.67	|
| 74.74	| 74.67	|
| 74.78	| 74.67	|
| 74.66	| 74.68	|
| 74.62	| 74.68	|
| 74.72	| 74.68	|
| 74.51	| 74.67	|
| 74.61	| 74.67	|
| 74.76	| 74.68	|
| 74.70	| 74.68	|
| 74.65	| 74.68	|
| 74.62	| 74.68	|
| 74.76	| 74.68	|
| 74.68	| 74.68	|
| 74.79	| 74.68	|
| 74.70	| 74.68	|
| 74.60	| 74.68	|
| 74.64	| 74.68	|
| 74.67	| 74.68	|
| 74.77	| 74.69	|
| 74.70	| 74.69	|
| 74.65	| 74.69	|
| 74.59	| 74.69	|
| 74.59	| 74.69	|
| 74.65	| 74.69	|
| 74.69	| 74.69	|
| 74.65	| 74.69	|
| 74.58	| 74.69	|
| 74.68	| 74.69	|
| 74.72	| 74.69	|
| 74.70	| 74.69	|
| 74.62	| 74.69	|
| 74.67	| 74.69	|
| 74.70	| 74.69	|
| 74.68	| 74.69	|
| 74.60	| 74.69	|
| 74.71	| 74.69	|
| 74.68	| 74.69	|
| 74.71	| 74.69	|
| 74.64	| 74.69	|
| 74.62	| 74.69	|
| 74.65	| 74.69	|
| 74.60	| 74.69	|
| 74.73	| 74.69	|
| 74.71	| 74.69	|
| 74.60	| 74.69	|
| 74.62	| 74.69	|
| 74.71	| 74.69	|
| 74.64	| 74.69	|
| 74.68	| 74.69	|
| 74.75	| 74.70	|
| 74.65	| 74.70	|
| 74.57	| 74.69	|
| 74.70	| 74.70	|
| 74.72	| 74.70	|
| 74.57	| 74.70	|
| 74.66	| 74.70	|
| 74.73	| 74.70	|
| 74.60	| 74.70	|
| 74.57	| 74.69	|
| 74.66	| 74.69	|
| 74.62	| 74.69	|
| 74.59	| 74.69	|
| 74.68	| 74.69	|
| 74.65	| 74.69	|
| 74.62	| 74.69	|
| 74.61	| 74.69	|
| 74.71	| 74.69	|
| 74.62	| 74.69	|
| 74.67	| 74.69	|
| 74.61	| 74.69	|
| 74.65	| 74.69	|
| 74.58	| 74.69	|
| 74.64	| 74.69	|
| 74.60	| 74.69	|
| 74.67	| 74.69	|
| 74.70	| 74.69	|
| 74.67	| 74.69	|
| 74.70	| 74.69	|
| 74.71	| 74.69	|
| 74.63	| 74.69	|
| 74.59	| 74.69	|
| 74.73	| 74.69	|
| 74.60	| 74.69	|
| 74.76	| 74.69	|
| 74.65	| 74.69	|
| 74.72	| 74.70	|
| 74.66	| 74.70	|
| 74.68	| 74.70	|
| 74.61	| 74.70	|
| 74.63	| 74.70	|
| 74.62	| 74.70	|
| 74.68	| 74.70	|
| 74.73	| 74.70	|
| 74.71	| 74.70	|
| 74.78	| 74.70	|
| 74.73	| 74.70	|
| 74.68	| 74.70	|
| 74.60	| 74.70	|
| 74.75	| 74.70	|
| 74.70	| 74.70	|
| 74.76	| 74.70	|
| 74.67	| 74.70	|
| 74.62	| 74.70	|
| 74.81	| 74.71	|
| 74.70	| 74.71	|
| 74.74	| 74.71	|
| 74.70	| 74.71	|
| 74.76	| 74.71	|
| 74.65	| 74.71	|
| 74.69	| 74.71	|
| 74.69	| 74.71	|
| 74.71	| 74.71	|
| 74.74	| 74.71	|
| 74.72	| 74.71	|
| 74.60	| 74.71	|
| 74.78	| 74.71	|
| 74.56	| 74.71	|
| 74.80	| 74.71	|
| 74.62	| 74.71	|
| 74.72	| 74.71	|
| 74.62	| 74.71	|
| 74.69	| 74.71	|
| 74.63	| 74.71	|
| 74.73	| 74.71	|
| 74.73	| 74.71	|
| 74.60	| 74.71	|
| 74.62	| 74.71	|
| 74.68	| 74.71	|
| 74.59	| 74.71	|
| 74.66	| 74.71	|
| 74.68	| 74.71	|
| 74.62	| 74.71	|
| 74.70	| 74.71	|
| 74.70	| 74.71	|
| 74.80	| 74.71	|
| 74.67	| 74.71	|
| 74.73	| 74.71	|
| 74.66	| 74.71	|
| 74.49	| 74.71	|
| 74.70	| 74.71	|
| 74.72	| 74.71	|
| 74.67	| 74.71	|
| 74.70	| 74.71	|
| 74.64	| 74.71	|
| 74.56	| 74.71	|
| 74.51	| 74.71	|
| 74.68	| 74.71	|
| 74.80	| 74.71	|
| 74.68	| 74.71	|
| 74.64	| 74.71	|
| 74.67	| 74.71	|
| 74.76	| 74.71	|
| 74.64	| 74.71	|
| 74.62	| 74.71	|
| 74.77	| 74.71	|
| 74.67	| 74.71	|
| 74.63	| 74.71	|
| 74.63	| 74.71	|
| 74.69	| 74.71	|
| 74.71	| 74.71	|
| 74.70	| 74.71	|
| 74.64	| 74.71	|
| 74.78	| 74.71	|
| 74.70	| 74.71	|
| 74.71	| 74.71	|
| 74.65	| 74.71	|
| 74.66	| 74.71	|
| 74.64	| 74.71	|
| 74.72	| 74.71	|
| 74.76	| 74.71	|
| 74.68	| 74.71	|
| 74.74	| 74.71	|
| 74.71	| 74.71	|
| 74.71	| 74.71	|
| 74.74	| 74.72	|
| 74.72	| 74.72	|
| 74.51	| 74.71	|
| 74.73	| 74.71	|
| 74.71	| 74.72	|
| 74.68	| 74.72	|
| 74.61	| 74.71	|
| 74.65	| 74.71	|
| 74.71	| 74.71	|
| 74.63	| 74.71	|
| 74.61	| 74.71	|
| 74.76	| 74.71	|
| 74.68	| 74.71	|
| 74.49	| 74.71	|
| 74.66	| 74.71	|
| 74.77	| 74.71	|
| 74.51	| 74.71	|
| 74.69	| 74.71	|
| 74.61	| 74.71	|
| 74.77	| 74.71	|
| 74.73	| 74.71	|
| 74.74	| 74.71	|
| 74.72	| 74.71	|
| 74.65	| 74.71	|
| 74.72	| 74.71	|
| 74.58	| 74.71	|
| 74.61	| 74.71	|
| 74.58	| 74.71	|
| 74.65	| 74.71	|
| 74.74	| 74.71	|
| 74.74	| 74.71	|
| 74.80	| 74.71	|
| 74.66	| 74.71	|
| 74.53	| 74.71	|
| 74.66	| 74.71	|
| 74.68	| 74.71	|
| 74.67	| 74.71	|
| 74.72	| 74.71	|
| 74.57	| 74.71	|
| 74.65	| 74.71	|
| 74.61	| 74.71	|
| 74.68	| 74.71	|
| 74.73	| 74.71	|
| 74.64	| 74.71	|
| 74.68	| 74.71	|
| 74.78	| 74.71	|
| 74.58	| 74.71	|
| 74.62	| 74.71	|
| 74.70	| 74.71	|
| 74.54	| 74.70	|
| 74.75	| 74.71	|
| 74.59	| 74.70	|
| 74.72	| 74.71	|
| 74.75	| 74.71	|
| 74.85	| 74.71	|
| 74.64	| 74.71	|
| 74.72	| 74.71	|
| 74.70	| 74.71	|
| 74.72	| 74.71	|
| 74.59	| 74.71	|
| 74.69	| 74.71	|
| 74.76	| 74.71	|
| 74.74	| 74.71	|
| 74.71	| 74.71	|
| 74.82	| 74.72	|
| 74.64	| 74.71	|
| 74.80	| 74.72	|
| 74.71	| 74.72	|
| 74.68	| 74.72	|
| 74.60	| 74.72	|
| 74.69	| 74.72	|
| 74.62	| 74.71	|
| 74.61	| 74.71	|
| 74.66	| 74.71	|
| 74.61	| 74.71	|
| 74.59	| 74.71	|
| 74.66	| 74.71	|
| 74.70	| 74.71	|
| 74.72	| 74.71	|
| 74.71	| 74.71	|
| 74.63	| 74.71	|
| 74.67	| 74.71	|
| 74.71	| 74.71	|
| 74.77	| 74.71	|
| 74.59	| 74.71	|
| 74.62	| 74.71	|
| 74.61	| 74.71	|
| 74.62	| 74.71	|
| 74.57	| 74.71	|
| 74.70	| 74.71	|
| 74.66	| 74.71	|
| 74.69	| 74.71	|
| 74.67	| 74.71	|
| 74.74	| 74.71	|
| 74.72	| 74.71	|
| 74.70	| 74.71	|
| 74.63	| 74.71	|
| 74.70	| 74.71	|
| 74.52	| 74.71	|
| 74.67	| 74.71	|
| 74.62	| 74.71	|
| 74.62	| 74.71	|
| 74.65	| 74.70	|
| 74.76	| 74.71	|
| 74.73	| 74.71	|
| 74.65	| 74.71	|
| 74.68	| 74.71	|
| 74.71	| 74.71	|
| 74.64	| 74.71	|
| 74.78	| 74.71	|
| 74.60	| 74.71	|
| 74.69	| 74.71	|
| 74.63	| 74.71	|
| 74.67	| 74.71	|
| 74.71	| 74.71	|
| 74.71	| 74.71	|
| 74.70	| 74.71	|
| 74.58	| 74.71	|
| 74.71	| 74.71	|
| 74.68	| 74.71	|
| 74.64	| 74.71	|
| 74.51	| 74.70	|
| 74.63	| 74.70	|
| 74.61	| 74.70	|
| 74.66	| 74.70	|
| 74.64	| 74.70	|
| 74.52	| 74.70	|
| 74.70	| 74.70	|
| 74.58	| 74.70	|
| 74.70	| 74.70	|
| 74.73	| 74.70	|
| 74.67	| 74.70	|
| 74.70	| 74.70	|
| 74.71	| 74.70	|
| 74.53	| 74.70	|
| 74.65	| 74.70	|
| 74.75	| 74.70	|
| 74.73	| 74.70	|
| 74.53	| 74.70	|
| 74.68	| 74.70	|
| 74.72	| 74.70	|
| 74.68	| 74.70	|
| 74.77	| 74.70	|
| 74.75	| 74.70	|
| 74.59	| 74.70	|
| 74.77	| 74.70	|
| 74.74	| 74.70	|
| 74.72	| 74.70	|
| 74.79	| 74.70	|
| 74.73	| 74.71	|
| 74.69	| 74.71	|
| 74.77	| 74.71	|
| 74.71	| 74.71	|
| 74.69	| 74.71	|
| 74.74	| 74.71	|
| 74.67	| 74.71	|
| 74.72	| 74.71	|
| 74.62	| 74.71	|
| 74.71	| 74.71	|
| 74.65	| 74.71	|
| 74.73	| 74.71	|
| 74.72	| 74.71	|
| 74.72	| 74.71	|
| 74.71	| 74.71	|
| 74.74	| 74.71	|
| 74.73	| 74.71	|
| 74.65	| 74.71	|
| 74.67	| 74.71	|
| 74.69	| 74.71	|
| 74.64	| 74.71	|
| 74.71	| 74.71	|
| 74.69	| 74.71	|
| 74.65	| 74.71	|
| 74.64	| 74.71	|
| 74.69	| 74.71	|
| 74.58	| 74.71	|
| 74.68	| 74.71	|
| 74.70	| 74.71	|
| 74.70	| 74.71	|
| 74.65	| 74.71	|
| 74.51	| 74.71	|
| 74.76	| 74.71	|
| 74.64	| 74.71	|
| 74.70	| 74.71	|
| 74.70	| 74.71	|
| 74.60	| 74.71	|
| 74.73	| 74.71	|
| 74.73	| 74.71	|
| 74.62	| 74.71	|
| 74.62	| 74.70	|
| 74.67	| 74.70	|
| 74.66	| 74.70	|
| 74.56	| 74.70	|
| 74.70	| 74.70	|
| 74.65	| 74.70	|
| 74.61	| 74.70	|
| 74.66	| 74.70	|
| 74.58	| 74.70	|
| 74.62	| 74.70	|
| 74.61	| 74.70	|
| 74.61	| 74.70	|
| 74.73	| 74.70	|
| 74.68	| 74.70	|
| 74.53	| 74.70	|
| 74.58	| 74.69	|
| 74.74	| 74.69	|
| 74.65	| 74.69	|
| 74.61	| 74.69	|
| 74.73	| 74.69	|
| 74.86	| 74.70	|
| 74.74	| 74.70	|
| 74.63	| 74.70	|
| 74.67	| 74.70	|
| 74.65	| 74.70	|
| 74.64	| 74.69	|
| 74.66	| 74.69	|
| 74.72	| 74.70	|
| 74.72	| 74.70	|
| 74.74	| 74.70	|
| 74.73	| 74.70	|
| 74.58	| 74.70	|
| 74.59	| 74.69	|
| 74.68	| 74.69	|
| 74.62	| 74.69	|
| 74.65	| 74.69	|
| 74.66	| 74.69	|
| 74.64	| 74.69	|
| 74.72	| 74.69	|
| 74.80	| 74.70	|
| 74.60	| 74.69	|
| 74.61	| 74.69	|
| 74.72	| 74.69	|
| 74.68	| 74.69	|
| 74.61	| 74.69	|
| 74.62	| 74.69	|
| 0.06	| 73.46	|
| 74.63	| 73.47	|
| 74.74	| 73.49	|
| 0.06	| 72.28	|
| 74.63	| 72.31	|
| 74.72	| 72.35	|
| 74.69	| 72.38	|
| 74.68	| 72.42	|
| 74.68	| 72.45	|
| 74.74	| 72.49	|
| 74.65	| 72.52	|
| 74.76	| 72.55	|
| 74.67	| 72.58	|
| 0.03	| 71.38	|
| 74.67	| 71.43	|
| 74.78	| 71.48	|
| 74.68	| 71.53	|
| 74.66	| 71.57	|
| 74.69	| 71.62	|
| 74.71	| 71.66	|
| 74.76	| 71.71	|
| 74.58	| 71.75	|
| 74.80	| 71.80	|
| 74.73	| 71.84	|
| 74.69	| 71.89	|
| 74.74	| 71.93	|
| 74.74	| 71.97	|
| 74.73	| 72.01	|
| 74.79	| 72.06	|
| 74.74	| 72.10	|
| 74.66	| 72.13	|
| 74.81	| 72.17	|
| 74.67	| 72.21	|
| 74.57	| 72.25	|
| 74.57	| 72.28	|
| 74.75	| 72.32	|
| 74.66	| 72.36	|
| 74.72	| 72.39	|
| 74.66	| 72.43	|
| 74.64	| 72.46	|
| 74.66	| 72.49	|
| 74.58	| 72.52	|
| 74.67	| 72.56	|
| 74.58	| 72.59	|
| 74.65	| 72.62	|
| 74.66	| 72.65	|
| 74.67	| 72.68	|
| 74.67	| 72.71	|
| 74.71	| 72.74	|
| 74.59	| 72.77	|
| 74.60	| 72.79	|
| 74.78	| 72.83	|
| 74.72	| 72.85	|
| 74.53	| 72.88	|
| 74.64	| 72.91	|
| 74.78	| 72.94	|
| 74.54	| 72.96	|
| 74.68	| 72.99	|
| 74.78	| 73.01	|
| 74.83	| 73.04	|
| 74.72	| 73.07	|
| 74.57	| 73.09	|
| 74.65	| 73.11	|
| 74.72	| 73.14	|
| 74.48	| 73.16	|
| 74.85	| 73.18	|
| 74.61	| 73.20	|
| 74.63	| 73.23	|
| 74.75	| 73.25	|
| 74.67	| 73.27	|
| 74.75	| 73.29	|
| 74.73	| 73.32	|
| 74.65	| 73.34	|
| 74.78	| 73.36	|
| 74.59	| 73.38	|
| 74.68	| 73.40	|
| 74.60	| 73.42	|
| 74.70	| 73.44	|
| 74.75	| 73.46	|
| 74.78	| 73.48	|
| 74.73	| 73.50	|
| 74.71	| 73.52	|
| 74.74	| 73.53	|
| 74.73	| 73.55	|
| 74.65	| 73.57	|
| 74.68	| 73.59	|
| 74.78	| 73.61	|
| 74.57	| 73.62	|
| 74.60	| 73.64	|
| 74.56	| 73.65	|
| 74.59	| 73.66	|
| 74.66	| 73.68	|
| 74.62	| 73.69	|
| 74.68	| 73.71	|
| 74.60	| 73.72	|
| 74.78	| 73.74	|
| 74.60	| 73.75	|
| 74.66	| 73.77	|
| 74.61	| 73.78	|
| 74.68	| 73.79	|
| 74.73	| 73.81	|
| 74.66	| 73.82	|
| 74.67	| 73.84	|
| 74.62	| 73.85	|
| 74.77	| 73.86	|
| 74.62	| 73.87	|
| 74.66	| 73.89	|
| 74.60	| 73.90	|
| 74.61	| 73.91	|
| 74.71	| 73.92	|
| 74.65	| 73.93	|
| 74.63	| 73.94	|
| 74.66	| 73.96	|
| 74.62	| 73.97	|
| 74.57	| 73.98	|
| 74.60	| 73.99	|
| 74.74	| 74.00	|
| 74.70	| 74.01	|
| 74.80	| 74.02	|
| 74.46	| 74.03	|
| 74.64	| 74.04	|
| 74.65	| 74.05	|
| 74.63	| 74.06	|
| 74.60	| 74.07	|
| 74.67	| 74.08	|
| 74.62	| 74.08	|
| 74.85	| 74.10	|
| 74.65	| 74.10	|
| 74.63	| 74.11	|
| 74.64	| 74.12	|
| 74.71	| 74.13	|
| 74.70	| 74.14	|
| 74.53	| 74.15	|
| 74.63	| 74.15	|
| 74.71	| 74.16	|
| 74.65	| 74.17	|
| 74.69	| 74.18	|
| 74.74	| 74.19	|
| 74.81	| 74.20	|
| 74.73	| 74.21	|
| 74.71	| 74.22	|
| 74.58	| 74.22	|
| 74.69	| 74.23	|
| 74.66	| 74.24	|
| 74.74	| 74.25	|
| 74.66	| 74.25	|
| 74.60	| 74.26	|
| 74.77	| 74.27	|
| 74.70	| 74.27	|
| 74.77	| 74.28	|
| 74.63	| 74.29	|
| 74.56	| 74.29	|
| 74.57	| 74.30	|
| 74.60	| 74.30	|
| 74.66	| 74.31	|
| 74.67	| 74.32	|
| 74.64	| 74.32	|
| 74.61	| 74.33	|
| 74.74	| 74.33	|
| 74.74	| 74.34	|
| 74.76	| 74.35	|
| 74.78	| 74.35	|
| 74.60	| 74.36	|
| 74.82	| 74.37	|
| 74.78	| 74.37	|
| 74.65	| 74.38	|
| 74.70	| 74.38	|
| 74.64	| 74.39	|
| 74.82	| 74.40	|
| 74.60	| 74.40	|
| 74.62	| 74.40	|
| 74.66	| 74.41	|
| 74.75	| 74.41	|
| 74.57	| 74.42	|
| 74.66	| 74.42	|
| 74.62	| 74.43	|
| 74.75	| 74.43	|
| 74.65	| 74.44	|
| 74.54	| 74.44	|
| 74.70	| 74.44	|
| 74.69	| 74.45	|
| 74.74	| 74.45	|
| 74.52	| 74.45	|
| 74.68	| 74.46	|
| 74.59	| 74.46	|
| 74.71	| 74.47	|
| 74.70	| 74.47	|
| 74.55	| 74.47	|
| 74.62	| 74.47	|
| 74.57	| 74.48	|
| 74.65	| 74.48	|
| 74.63	| 74.48	|
| 74.67	| 74.49	|
| 74.68	| 74.49	|
| 74.71	| 74.49	|
| 74.75	| 74.50	|
| 74.87	| 74.51	|
| 74.64	| 74.51	|
| 74.65	| 74.51	|
| 74.73	| 74.52	|
| 74.62	| 74.52	|
| 74.66	| 74.52	|
| 74.57	| 74.52	|
| 74.68	| 74.52	|
| 74.73	| 74.53	|
| 74.62	| 74.53	|
| 74.55	| 74.53	|
| 74.58	| 74.53	|
| 74.61	| 74.53	|
| 74.66	| 74.53	|
| 74.62	| 74.54	|
| 74.52	| 74.54	|
| 74.64	| 74.54	|
| 74.65	| 74.54	|
| 74.74	| 74.55	|
| 74.70	| 74.55	|
| 74.75	| 74.55	|
| 74.74	| 74.56	|
| 74.72	| 74.56	|
| 74.59	| 74.56	|
| 74.71	| 74.56	|
| 74.65	| 74.56	|
| 74.51	| 74.56	|
| 74.57	| 74.57	|
| 74.67	| 74.57	|
| 74.65	| 74.57	|
| 74.74	| 74.57	|
| 74.69	| 74.58	|
| 74.75	| 74.58	|
| 74.75	| 74.58	|
| 74.74	| 74.59	|
| 74.69	| 74.59	|
| 74.71	| 74.59	|
| 74.77	| 74.59	|
| 74.62	| 74.59	|
| 74.76	| 74.60	|
| 0.01	| 73.36	|
| 74.76	| 73.39	|
| 74.67	| 73.41	|
| 74.69	| 73.42	|
| 74.62	| 73.44	|
| 74.74	| 73.46	|
| 74.70	| 73.48	|
| 74.67	| 73.50	|
| 74.61	| 73.52	|
| 74.51	| 73.53	|
| 74.80	| 73.55	|
| 74.71	| 73.57	|
| 74.60	| 73.59	|
| 74.67	| 73.60	|
| 74.67	| 73.62	|
| 74.66	| 73.63	|
| 74.68	| 73.65	|
| 74.73	| 73.67	|
| 74.68	| 73.68	|
| 74.60	| 73.70	|
| 74.69	| 73.71	|
| 74.72	| 73.73	|
| 74.76	| 73.75	|
| 74.65	| 73.76	|
| 74.74	| 73.78	|
| 74.81	| 73.79	|
| 74.70	| 73.81	|
| 74.75	| 73.82	|
| 74.64	| 73.83	|
| 74.67	| 73.85	|
| 74.61	| 73.86	|
| 74.56	| 73.87	|
| 74.66	| 73.88	|
| 74.69	| 73.90	|
| 74.60	| 73.91	|
| 74.72	| 73.92	|
| 74.64	| 73.93	|
| 74.69	| 73.94	|
| 74.66	| 73.95	|
| 74.70	| 73.97	|
| 74.65	| 73.98	|
| 74.82	| 73.99	|
| 74.66	| 74.00	|
| 74.71	| 74.01	|
| 74.65	| 74.02	|
| 74.69	| 74.03	|
| 74.63	| 74.04	|
| 74.64	| 74.05	|
| 74.58	| 74.06	|
| 74.71	| 74.07	|
| 74.60	| 74.08	|
| 74.68	| 74.09	|
| 74.72	| 74.10	|
| 74.69	| 74.11	|
| 74.79	| 74.12	|
| 74.72	| 74.13	|
| 74.65	| 74.14	|
| 74.63	| 74.15	|
| 74.62	| 74.16	|
| 74.64	| 74.16	|
| 74.54	| 74.17	|
| 74.67	| 74.18	|
| 74.60	| 74.18	|
| 74.65	| 74.19	|
| 74.54	| 74.20	|
| 74.70	| 74.21	|
| 74.72	| 74.21	|
| 74.65	| 74.22	|
| 74.68	| 74.23	|
| 74.59	| 74.23	|
| 74.71	| 74.24	|
| 74.66	| 74.25	|
| 0.05	| 73.02	|
| 74.66	| 73.05	|
| 74.74	| 73.07	|
| 74.65	| 73.10	|
| 74.79	| 73.12	|
| 74.72	| 73.15	|
| 74.75	| 73.17	|
| 74.77	| 73.20	|
| 74.67	| 73.22	|
| 74.65	| 73.24	|
| 74.70	| 73.26	|
| 74.67	| 73.29	|
| 74.78	| 73.31	|
| 74.76	| 73.33	|
| 74.75	| 73.35	|
| 0.03	| 72.14	|
| 74.63	| 72.18	|
| 74.75	| 72.22	|
| 74.64	| 72.25	|
| 74.77	| 72.29	|
| 74.64	| 72.33	|
| 74.69	| 72.36	|
| 74.65	| 72.40	|
| 74.63	| 72.43	|
| 74.69	| 72.47	|
| 74.66	| 72.50	|
| 74.67	| 72.53	|
| 74.69	| 72.57	|
| 74.69	| 72.60	|
| 74.69	| 72.63	|
| 74.73	| 72.66	|
| 74.69	| 72.69	|
| 74.72	| 72.72	|
| 74.62	| 72.75	|
| 74.63	| 72.78	|
| 74.67	| 72.81	|
| 74.73	| 72.84	|
| 74.69	| 72.87	|
| 74.60	| 72.90	|
| 74.73	| 72.92	|
| 74.65	| 72.95	|
| 74.67	| 72.98	|
| 74.73	| 73.00	|
| 74.68	| 73.03	|
| 74.63	| 73.05	|
| 74.72	| 73.08	|
| 74.55	| 73.10	|
| 74.77	| 73.13	|
| 74.51	| 73.15	|
| 74.62	| 73.17	|
| 74.61	| 73.19	|
| 74.66	| 73.22	|
| 74.71	| 73.24	|
| 74.55	| 73.26	|
| 74.60	| 73.28	|
| 74.66	| 73.30	|
| 74.57	| 73.32	|
| 74.67	| 73.34	|
| 74.65	| 73.36	|
| 74.82	| 73.39	|
| 74.67	| 73.41	|
| 74.72	| 73.43	|
| 74.57	| 73.44	|
| 74.77	| 73.47	|
| 74.74	| 73.49	|
| 74.65	| 73.50	|
| 74.69	| 73.52	|
| 74.78	| 73.54	|
| 74.74	| 73.56	|
| 74.58	| 73.58	|
| 74.68	| 73.59	|
| 74.58	| 73.61	|
| 74.65	| 73.63	|
| 74.66	| 73.64	|
| 74.63	| 73.66	|
| 74.66	| 73.67	|
| 74.54	| 73.69	|
| 74.74	| 73.71	|
| 74.65	| 73.72	|
| 74.75	| 73.74	|
| 74.65	| 73.75	|
| 74.69	| 73.77	|
| 74.69	| 73.78	|
| 74.79	| 73.80	|
| 74.62	| 73.81	|
| 74.69	| 73.82	|
| 74.70	| 73.84	|
| 74.55	| 73.85	|
| 74.76	| 73.87	|
| 74.70	| 73.88	|
| 74.61	| 73.89	|
| 74.64	| 73.90	|
| 74.51	| 73.91	|
| 74.68	| 73.93	|
| 74.67	| 73.94	|
| 74.66	| 73.95	|
| 74.69	| 73.96	|
| 74.66	| 73.97	|
| 74.69	| 73.98	|
| 74.70	| 74.00	|
| 74.75	| 74.01	|
| 74.73	| 74.02	|
| 74.70	| 74.03	|
| 74.58	| 74.04	|
| 74.66	| 74.05	|
| 74.70	| 74.06	|
| 74.68	| 74.07	|
| 74.61	| 74.08	|
| 74.61	| 74.09	|
| 74.73	| 74.10	|
| 74.69	| 74.11	|
| 74.67	| 74.12	|
| 74.62	| 74.13	|
| 74.63	| 74.14	|
| 74.67	| 74.15	|
| 74.62	| 74.15	|
| 74.70	| 74.16	|
| 74.73	| 74.17	|
| 74.61	| 74.18	|
| 74.74	| 74.19	|
| 74.62	| 74.20	|
| 74.78	| 74.21	|
| 74.76	| 74.22	|
| 74.60	| 74.22	|
| 74.74	| 74.23	|
| 74.60	| 74.24	|
| 74.67	| 74.24	|
| 74.64	| 74.25	|
| 74.75	| 74.26	|
| 74.66	| 74.27	|
| 74.69	| 74.27	|
| 74.64	| 74.28	|
| 74.68	| 74.29	|
| 74.65	| 74.29	|
| 74.63	| 74.30	|
| 74.57	| 74.31	|
| 74.75	| 74.31	|
| 74.65	| 74.32	|
| 74.76	| 74.33	|
| 74.65	| 74.33	|
| 74.73	| 74.34	|
| 74.64	| 74.35	|
| 74.62	| 74.35	|
| 74.62	| 74.36	|
| 74.72	| 74.36	|
| 74.61	| 74.37	|
| 74.58	| 74.37	|
| 74.75	| 74.38	|
| 0.04	| 73.15	|
| 74.71	| 73.17	|
| 74.62	| 73.19	|
| 74.70	| 73.22	|
| 74.70	| 73.24	|
| 74.73	| 73.26	|
| 74.72	| 73.29	|
| 74.59	| 73.31	|
| 74.59	| 73.33	|
| 74.74	| 73.35	|
| 74.68	| 73.37	|
| 74.71	| 73.39	|
| 74.67	| 73.41	|
| 74.76	| 73.43	|
| 74.68	| 73.45	|
| 74.54	| 73.47	|
|